[codewithsadee.github.io/foodie/index.html]
[backblue.gif]
[fade.gif]
[index.html]
[codewithsadee.github.io/foodie/favicon.svg]
[codewithsadee.github.io/foodie/assets/css/style.css]
[codewithsadee.github.io/foodie/assets/images/hero-banner.png]
[codewithsadee.github.io/foodie/assets/images/hero-banner-bg.png]
[codewithsadee.github.io/foodie/assets/images/hero-bg.jpg]
[codewithsadee.github.io/foodie/assets/images/promo-1.png]
[codewithsadee.github.io/foodie/assets/images/promo-2.png]
[codewithsadee.github.io/foodie/assets/images/promo-3.png]
[codewithsadee.github.io/foodie/assets/images/promo-4.png]
[codewithsadee.github.io/foodie/assets/images/promo-5.png]
[codewithsadee.github.io/foodie/assets/images/about-banner.png]
[codewithsadee.github.io/foodie/assets/images/sale-shape-red.png]
[codewithsadee.github.io/foodie/assets/images/food-menu-1.png]
[codewithsadee.github.io/foodie/assets/images/food-menu-2.png]
[codewithsadee.github.io/foodie/assets/images/food-menu-3.png]
[codewithsadee.github.io/foodie/assets/images/food-menu-4.png]
[codewithsadee.github.io/foodie/assets/images/food-menu-5.png]
[codewithsadee.github.io/foodie/assets/images/food-menu-6.png]
[codewithsadee.github.io/foodie/assets/images/cta-banner.png]
[codewithsadee.github.io/foodie/assets/images/sale-shape.png]
[codewithsadee.github.io/foodie/assets/images/delivery-banner-bg.png]
[codewithsadee.github.io/foodie/assets/images/delivery-boy.svg]
[codewithsadee.github.io/foodie/assets/images/avatar-1.jpg]
[codewithsadee.github.io/foodie/assets/images/avatar-2.jpg]
[codewithsadee.github.io/foodie/assets/images/avatar-3.jpg]
[codewithsadee.github.io/foodie/assets/images/banner-1.jpg]
[codewithsadee.github.io/foodie/assets/images/banner-2.jpg]
[codewithsadee.github.io/foodie/assets/images/banner-3.jpg]
[codewithsadee.github.io/foodie/assets/images/banner-4.jpg]
[codewithsadee.github.io/foodie/assets/images/blog-1.jpg]
[codewithsadee.github.io/foodie/assets/images/blog-2.jpg]
[codewithsadee.github.io/foodie/assets/images/blog-3.jpg]
[codewithsadee.github.io/foodie/assets/images/footer-illustration.png]
[codewithsadee.github.io/foodie/assets/js/script.js]
[unpkg.com/ionicons@5.5.2/dist/ionicons/ionicons.esm.js]
[codewithsadee.github.io/foodie/index.html]
[codewithsadee.github.io/foodie/favicon.svg]
[unpkg.com/ionicons@5.5.2/dist/ionicons/ionicons.js]
[codewithsadee.github.io/foodie/assets/images/shape-white.png]
[codewithsadee.github.io/foodie/assets/images/shape-grey.png]
[codewithsadee.github.io/foodie/assets/images/close.png]
[codewithsadee.github.io/foodie/assets/images/hero-bg-shape.png]
[codewithsadee.github.io/foodie/assets/css/style.css]
[codewithsadee.github.io/foodie/assets/images/delivery-boy.svg]
